[debug] [2025-12-20T07:28:06.627Z] ----------------------------------------------------------------------
[debug] [2025-12-20T07:28:06.629Z] Command:       /usr/local/bin/node /usr/local/bin/firebase init hosting --project inventory-management-app-476d9
[debug] [2025-12-20T07:28:06.629Z] CLI Version:   15.1.0
[debug] [2025-12-20T07:28:06.629Z] Platform:      darwin
[debug] [2025-12-20T07:28:06.629Z] Node Version:  v22.19.0
[debug] [2025-12-20T07:28:06.629Z] Time:          Sat Dec 20 2025 16:28:06 GMT+0900 (Japan Standard Time)
[debug] [2025-12-20T07:28:06.629Z] ----------------------------------------------------------------------
[debug] 
[info] 
     ######## #### ########  ######## ########     ###     ######  ########
     ##        ##  ##     ## ##       ##     ##  ##   ##  ##       ##
     ######    ##  ########  ######   ########  #########  ######  ######
     ##        ##  ##    ##  ##       ##     ## ##     ##       ## ##
     ##       #### ##     ## ######## ########  ##     ##  ######  ########

You're about to initialize a Firebase project in this directory:

  /Users/kandaichi/create_apps/inventory_management_app

[info] 
=== Project Setup
[info] 
[info] First, let's associate this project directory with a Firebase project.
[info] You can create multiple project aliases by running firebase use --add, 
[info] 
[debug] [2025-12-20T07:28:06.816Z] > command requires scopes: ["email","openid","https://www.googleapis.com/auth/cloudplatformprojects.readonly","https://www.googleapis.com/auth/firebase","https://www.googleapis.com/auth/cloud-platform"]
[debug] [2025-12-20T07:28:06.816Z] > authorizing via signed-in user (kan.not.suga.0722@gmail.com)
[debug] [2025-12-20T07:28:06.816Z] Checked if tokens are valid: true, expires at: 1766218298172
[debug] [2025-12-20T07:28:06.816Z] Checked if tokens are valid: true, expires at: 1766218298172
[debug] [2025-12-20T07:28:06.816Z] >>> [apiv2][query] GET https://firebase.googleapis.com/v1beta1/projects/inventory-management-app-476d9 [none]
[debug] [2025-12-20T07:28:07.218Z] <<< [apiv2][status] GET https://firebase.googleapis.com/v1beta1/projects/inventory-management-app-476d9 200
[debug] [2025-12-20T07:28:07.218Z] <<< [apiv2][body] GET https://firebase.googleapis.com/v1beta1/projects/inventory-management-app-476d9 {"projectId":"inventory-management-app-476d9","projectNumber":"966121077558","displayName":"inventory management app","name":"projects/inventory-management-app-476d9","resources":{"hostingSite":"inventory-management-app-476d9"},"state":"ACTIVE","etag":"1_f909aae5-8da0-48cb-b2d7-d5dd56d5e65b"}
[info] i  Using project inventory-management-app-476d9 (inventory management app) . 
[info] 
=== Hosting Setup
[debug] [2025-12-20T07:28:07.228Z] Checked if tokens are valid: true, expires at: 1766218298172
[debug] [2025-12-20T07:28:07.228Z] Checked if tokens are valid: true, expires at: 1766218298172
[debug] [2025-12-20T07:28:07.228Z] >>> [apiv2][query] GET https://firebase.googleapis.com/v1beta1/projects/inventory-management-app-476d9 [none]
[debug] [2025-12-20T07:28:07.618Z] <<< [apiv2][status] GET https://firebase.googleapis.com/v1beta1/projects/inventory-management-app-476d9 200
[debug] [2025-12-20T07:28:07.618Z] <<< [apiv2][body] GET https://firebase.googleapis.com/v1beta1/projects/inventory-management-app-476d9 {"projectId":"inventory-management-app-476d9","projectNumber":"966121077558","displayName":"inventory management app","name":"projects/inventory-management-app-476d9","resources":{"hostingSite":"inventory-management-app-476d9"},"state":"ACTIVE","etag":"1_f909aae5-8da0-48cb-b2d7-d5dd56d5e65b"}
[info] 
[info] Your public directory is the folder (relative to your project directory) that
[info] will contain Hosting assets to be uploaded with firebase deploy. If you
[info] have a build process for your assets, use your build's output directory.
[info] 
[debug] [2025-12-20T07:34:00.101Z] ExitPromptError: User force closed the prompt with SIGINT
    at Interface.sigint (/usr/local/lib/node_modules/firebase-tools/node_modules/@inquirer/core/dist/commonjs/lib/create-prompt.js:101:37)
    at Interface.emit (node:events:519:28)
    at [_ttyWrite] [as _ttyWrite] (node:internal/readline/interface:1132:18)
    at ReadStream.onkeypress (node:internal/readline/interface:271:20)
    at ReadStream.emit (node:events:531:35)
    at emitKeys (node:internal/readline/utils:370:14)
    at emitKeys.next (<anonymous>)
    at ReadStream.onData (node:internal/readline/emitKeypressEvents:64:36)
    at ReadStream.emit (node:events:519:28)
    at addChunk (node:internal/streams/readable:561:12)
[error] 
[error] Error: An unexpected error has occurred.
